2023-02-01 17:34:11 [scrapy.utils.log] INFO: Scrapy 2.7.1 started (bot: tutorial)
2023-02-01 17:34:11 [scrapy.utils.log] INFO: Versions: lxml 4.9.2.0, libxml2 2.9.14, cssselect 1.2.0, parsel 1.7.0, w3lib 2.1.1, Twisted 22.10.0, Python 3.10.8 (main, Oct 13 2022, 10:17:43) [Clang 14.0.0 (clang-1400.0.29.102)], pyOpenSSL 23.0.0 (OpenSSL 3.0.7 1 Nov 2022), cryptography 39.0.0, Platform macOS-13.1-x86_64-i386-64bit
2023-02-01 17:34:11 [scrapy.crawler] INFO: Overridden settings:
{'AUTOTHROTTLE_ENABLED': True,
 'AUTOTHROTTLE_MAX_DELAY': 5,
 'AUTOTHROTTLE_START_DELAY': 1,
 'AUTOTHROTTLE_TARGET_CONCURRENCY': 0.3,
 'BOT_NAME': 'tutorial',
 'DUPEFILTER_CLASS': 'scrapy.dupefilters.BaseDupeFilter',
 'LOG_LEVEL': 'INFO',
 'NEWSPIDER_MODULE': 'tutorial.spiders',
 'RETRY_HTTP_CODES': [429],
 'SPIDER_MODULES': ['tutorial.spiders'],
 'TWISTED_REACTOR': 'twisted.internet.asyncioreactor.AsyncioSelectorReactor'}
2023-02-01 17:34:11 [py.warnings] WARNING: /Users/stivending/Public/Local/Douban_crawler/.venv/lib/python3.10/site-packages/scrapy/utils/request.py:231: ScrapyDeprecationWarning: '2.6' is a deprecated value for the 'REQUEST_FINGERPRINTER_IMPLEMENTATION' setting.

It is also the default value. In other words, it is normal to get this warning if you have not defined a value for the 'REQUEST_FINGERPRINTER_IMPLEMENTATION' setting. This is so for backward compatibility reasons, but it will change in a future version of Scrapy.

See the documentation of the 'REQUEST_FINGERPRINTER_IMPLEMENTATION' setting for information on how to handle this deprecation.
  return cls(crawler)

2023-02-01 17:34:11 [scrapy.extensions.telnet] INFO: Telnet Password: f9cdc64831b44ce2
2023-02-01 17:34:11 [scrapy.middleware] INFO: Enabled extensions:
['scrapy.extensions.corestats.CoreStats',
 'scrapy.extensions.telnet.TelnetConsole',
 'scrapy.extensions.memusage.MemoryUsage',
 'scrapy.extensions.feedexport.FeedExporter',
 'scrapy.extensions.logstats.LogStats',
 'scrapy.extensions.throttle.AutoThrottle']
2023-02-01 17:34:12 [scrapy.core.downloader.handlers] ERROR: Loading "400" for scheme "scrapy_random_fake_ua.middleware.RandomUserAgentMiddleware"
Traceback (most recent call last):
  File "/Users/stivending/Public/Local/Douban_crawler/.venv/lib/python3.10/site-packages/scrapy/core/downloader/handlers/__init__.py", line 49, in _load_handler
    dhcls = load_object(path)
  File "/Users/stivending/Public/Local/Douban_crawler/.venv/lib/python3.10/site-packages/scrapy/utils/misc.py", line 53, in load_object
    raise TypeError("Unexpected argument type, expected string "
TypeError: Unexpected argument type, expected string or object, got: <class 'int'>
2023-02-01 17:34:12 [scrapy.middleware] INFO: Enabled downloader middlewares:
['scrapy.downloadermiddlewares.httpauth.HttpAuthMiddleware',
 'scrapy.downloadermiddlewares.downloadtimeout.DownloadTimeoutMiddleware',
 'scrapy.downloadermiddlewares.defaultheaders.DefaultHeadersMiddleware',
 'scrapy.downloadermiddlewares.useragent.UserAgentMiddleware',
 'scrapy.downloadermiddlewares.retry.RetryMiddleware',
 'scrapy.downloadermiddlewares.redirect.MetaRefreshMiddleware',
 'scrapy.downloadermiddlewares.httpcompression.HttpCompressionMiddleware',
 'scrapy.downloadermiddlewares.redirect.RedirectMiddleware',
 'scrapy.downloadermiddlewares.cookies.CookiesMiddleware',
 'scrapy.downloadermiddlewares.httpproxy.HttpProxyMiddleware',
 'scrapy.downloadermiddlewares.stats.DownloaderStats']
2023-02-01 17:34:12 [scrapy.middleware] INFO: Enabled spider middlewares:
['scrapy.spidermiddlewares.httperror.HttpErrorMiddleware',
 'scrapy.spidermiddlewares.offsite.OffsiteMiddleware',
 'scrapy.spidermiddlewares.referer.RefererMiddleware',
 'scrapy.spidermiddlewares.urllength.UrlLengthMiddleware',
 'scrapy.spidermiddlewares.depth.DepthMiddleware']
2023-02-01 17:34:12 [scrapy.middleware] INFO: Enabled item pipelines:
[]
2023-02-01 17:34:12 [scrapy.core.engine] INFO: Spider opened
2023-02-01 17:34:12 [scrapy.extensions.logstats] INFO: Crawled 0 pages (at 0 pages/min), scraped 0 items (at 0 items/min)
2023-02-01 17:34:12 [scrapy.extensions.telnet] INFO: Telnet console listening on 127.0.0.1:6023
2023-02-01 17:34:12 [scrapy-playwright] INFO: Starting download handler
2023-02-01 17:34:12 [scrapy-playwright] INFO: Starting download handler
2023-02-01 17:34:17 [scrapy-playwright] INFO: Launching browser firefox
2023-02-01 17:34:18 [scrapy-playwright] INFO: Browser firefox launched
2023-02-01 17:34:20 [scrapy.spidermiddlewares.httperror] INFO: Ignoring response <403 https://sec.douban.com/b?r=https%3A%2F%2Fsearch.douban.com%2Fmovie%2Fsubject_search%3Fsearch_text%3D%25E6%2598%259F%25E7%2590%2583%25E5%25A4%25A7%25E6%2588%2598%25E5%2585%25AB%25EF%25BC%259A%25E6%259C%2580%25E5%2590%258E%25E7%259A%2584%25E7%25BB%259D%25E5%259C%25B0%25E6%25AD%25A6%25E5%25A3%25AB>: HTTP status code is not handled or not allowed
2023-02-01 17:34:20 [scrapy.core.scraper] ERROR: Spider error processing <GET https://search.douban.com/movie/subject_search?search_text=%E9%86%89%E4%BD%B3%E5%AF%BC%E6%BC%94> (referer: None)
Traceback (most recent call last):
  File "/Users/stivending/Public/Local/Douban_crawler/.venv/lib/python3.10/site-packages/scrapy/utils/defer.py", line 240, in iter_errback
    yield next(it)
  File "/Users/stivending/Public/Local/Douban_crawler/.venv/lib/python3.10/site-packages/scrapy/utils/python.py", line 338, in __next__
    return next(self.data)
  File "/Users/stivending/Public/Local/Douban_crawler/.venv/lib/python3.10/site-packages/scrapy/utils/python.py", line 338, in __next__
    return next(self.data)
  File "/Users/stivending/Public/Local/Douban_crawler/.venv/lib/python3.10/site-packages/scrapy/core/spidermw.py", line 79, in process_sync
    for r in iterable:
  File "/Users/stivending/Public/Local/Douban_crawler/.venv/lib/python3.10/site-packages/scrapy/spidermiddlewares/offsite.py", line 29, in <genexpr>
    return (r for r in result or () if self._filter(r, spider))
  File "/Users/stivending/Public/Local/Douban_crawler/.venv/lib/python3.10/site-packages/scrapy/core/spidermw.py", line 79, in process_sync
    for r in iterable:
  File "/Users/stivending/Public/Local/Douban_crawler/.venv/lib/python3.10/site-packages/scrapy/spidermiddlewares/referer.py", line 336, in <genexpr>
    return (self._set_referer(r, response) for r in result or ())
  File "/Users/stivending/Public/Local/Douban_crawler/.venv/lib/python3.10/site-packages/scrapy/core/spidermw.py", line 79, in process_sync
    for r in iterable:
  File "/Users/stivending/Public/Local/Douban_crawler/.venv/lib/python3.10/site-packages/scrapy/spidermiddlewares/urllength.py", line 28, in <genexpr>
    return (r for r in result or () if self._filter(r, spider))
  File "/Users/stivending/Public/Local/Douban_crawler/.venv/lib/python3.10/site-packages/scrapy/core/spidermw.py", line 79, in process_sync
    for r in iterable:
  File "/Users/stivending/Public/Local/Douban_crawler/.venv/lib/python3.10/site-packages/scrapy/spidermiddlewares/depth.py", line 32, in <genexpr>
    return (r for r in result or () if self._filter(r, response, spider))
  File "/Users/stivending/Public/Local/Douban_crawler/.venv/lib/python3.10/site-packages/scrapy/core/spidermw.py", line 79, in process_sync
    for r in iterable:
  File "/Users/stivending/Public/Local/Douban_crawler/tutorial/spiders/url_spider.py", line 27, in parse
    item = response.css('div.item-root')[0]
  File "/Users/stivending/Public/Local/Douban_crawler/.venv/lib/python3.10/site-packages/parsel/selector.py", line 131, in __getitem__
    o = super().__getitem__(pos)
IndexError: list index out of range
2023-02-01 17:34:20 [scrapy.core.scraper] ERROR: Spider error processing <GET https://search.douban.com/movie/subject_search?search_text=%E6%88%91%E6%9D%A5%E8%BF%87> (referer: None)
Traceback (most recent call last):
  File "/Users/stivending/Public/Local/Douban_crawler/.venv/lib/python3.10/site-packages/scrapy/utils/defer.py", line 240, in iter_errback
    yield next(it)
  File "/Users/stivending/Public/Local/Douban_crawler/.venv/lib/python3.10/site-packages/scrapy/utils/python.py", line 338, in __next__
    return next(self.data)
  File "/Users/stivending/Public/Local/Douban_crawler/.venv/lib/python3.10/site-packages/scrapy/utils/python.py", line 338, in __next__
    return next(self.data)
  File "/Users/stivending/Public/Local/Douban_crawler/.venv/lib/python3.10/site-packages/scrapy/core/spidermw.py", line 79, in process_sync
    for r in iterable:
  File "/Users/stivending/Public/Local/Douban_crawler/.venv/lib/python3.10/site-packages/scrapy/spidermiddlewares/offsite.py", line 29, in <genexpr>
    return (r for r in result or () if self._filter(r, spider))
  File "/Users/stivending/Public/Local/Douban_crawler/.venv/lib/python3.10/site-packages/scrapy/core/spidermw.py", line 79, in process_sync
    for r in iterable:
  File "/Users/stivending/Public/Local/Douban_crawler/.venv/lib/python3.10/site-packages/scrapy/spidermiddlewares/referer.py", line 336, in <genexpr>
    return (self._set_referer(r, response) for r in result or ())
  File "/Users/stivending/Public/Local/Douban_crawler/.venv/lib/python3.10/site-packages/scrapy/core/spidermw.py", line 79, in process_sync
    for r in iterable:
  File "/Users/stivending/Public/Local/Douban_crawler/.venv/lib/python3.10/site-packages/scrapy/spidermiddlewares/urllength.py", line 28, in <genexpr>
    return (r for r in result or () if self._filter(r, spider))
  File "/Users/stivending/Public/Local/Douban_crawler/.venv/lib/python3.10/site-packages/scrapy/core/spidermw.py", line 79, in process_sync
    for r in iterable:
  File "/Users/stivending/Public/Local/Douban_crawler/.venv/lib/python3.10/site-packages/scrapy/spidermiddlewares/depth.py", line 32, in <genexpr>
    return (r for r in result or () if self._filter(r, response, spider))
  File "/Users/stivending/Public/Local/Douban_crawler/.venv/lib/python3.10/site-packages/scrapy/core/spidermw.py", line 79, in process_sync
    for r in iterable:
  File "/Users/stivending/Public/Local/Douban_crawler/tutorial/spiders/url_spider.py", line 27, in parse
    item = response.css('div.item-root')[0]
  File "/Users/stivending/Public/Local/Douban_crawler/.venv/lib/python3.10/site-packages/parsel/selector.py", line 131, in __getitem__
    o = super().__getitem__(pos)
IndexError: list index out of range
2023-02-01 17:34:26 [scrapy.spidermiddlewares.httperror] INFO: Ignoring response <403 https://sec.douban.com/b?r=https%3A%2F%2Fsearch.douban.com%2Fmovie%2Fsubject_search%3Fsearch_text%3D%25E5%258F%25AA%25E6%2583%25B3%25E5%25A5%25BD%25E5%25A5%25BD%25E5%2592%258C%25E4%25BD%25A0%25E5%259C%25A8%25E4%25B8%2580%25E8%25B5%25B7>: HTTP status code is not handled or not allowed
2023-02-01 17:38:54 [scrapy.utils.log] INFO: Scrapy 2.7.1 started (bot: tutorial)
2023-02-01 17:38:54 [scrapy.utils.log] INFO: Versions: lxml 4.9.2.0, libxml2 2.9.14, cssselect 1.2.0, parsel 1.7.0, w3lib 2.1.1, Twisted 22.10.0, Python 3.10.8 (main, Oct 13 2022, 10:17:43) [Clang 14.0.0 (clang-1400.0.29.102)], pyOpenSSL 23.0.0 (OpenSSL 3.0.7 1 Nov 2022), cryptography 39.0.0, Platform macOS-13.1-x86_64-i386-64bit
2023-02-01 17:38:54 [scrapy.crawler] INFO: Overridden settings:
{'AUTOTHROTTLE_ENABLED': True,
 'AUTOTHROTTLE_MAX_DELAY': 5,
 'AUTOTHROTTLE_START_DELAY': 1,
 'AUTOTHROTTLE_TARGET_CONCURRENCY': 0.3,
 'BOT_NAME': 'tutorial',
 'DUPEFILTER_CLASS': 'scrapy.dupefilters.BaseDupeFilter',
 'LOG_LEVEL': 'INFO',
 'NEWSPIDER_MODULE': 'tutorial.spiders',
 'RETRY_HTTP_CODES': [429],
 'SPIDER_MODULES': ['tutorial.spiders'],
 'TWISTED_REACTOR': 'twisted.internet.asyncioreactor.AsyncioSelectorReactor'}
2023-02-01 17:38:54 [py.warnings] WARNING: /Users/stivending/Public/Local/Douban_crawler/.venv/lib/python3.10/site-packages/scrapy/utils/request.py:231: ScrapyDeprecationWarning: '2.6' is a deprecated value for the 'REQUEST_FINGERPRINTER_IMPLEMENTATION' setting.

It is also the default value. In other words, it is normal to get this warning if you have not defined a value for the 'REQUEST_FINGERPRINTER_IMPLEMENTATION' setting. This is so for backward compatibility reasons, but it will change in a future version of Scrapy.

See the documentation of the 'REQUEST_FINGERPRINTER_IMPLEMENTATION' setting for information on how to handle this deprecation.
  return cls(crawler)

2023-02-01 17:38:54 [scrapy.extensions.telnet] INFO: Telnet Password: 8778b7bd9c573015
2023-02-01 17:38:54 [scrapy.middleware] INFO: Enabled extensions:
['scrapy.extensions.corestats.CoreStats',
 'scrapy.extensions.telnet.TelnetConsole',
 'scrapy.extensions.memusage.MemoryUsage',
 'scrapy.extensions.feedexport.FeedExporter',
 'scrapy.extensions.logstats.LogStats',
 'scrapy.extensions.throttle.AutoThrottle']
2023-02-01 17:38:54 [scrapy.core.downloader.handlers] ERROR: Loading "543" for scheme "tutorial.middlewares.TooManyRequestsRetryMiddleware"
Traceback (most recent call last):
  File "/Users/stivending/Public/Local/Douban_crawler/.venv/lib/python3.10/site-packages/scrapy/utils/misc.py", line 57, in load_object
    dot = path.rindex('.')
ValueError: substring not found

During handling of the above exception, another exception occurred:

Traceback (most recent call last):
  File "/Users/stivending/Public/Local/Douban_crawler/.venv/lib/python3.10/site-packages/scrapy/core/downloader/handlers/__init__.py", line 49, in _load_handler
    dhcls = load_object(path)
  File "/Users/stivending/Public/Local/Douban_crawler/.venv/lib/python3.10/site-packages/scrapy/utils/misc.py", line 59, in load_object
    raise ValueError(f"Error loading object '{path}': not a full path")
ValueError: Error loading object '543': not a full path
2023-02-01 17:38:54 [scrapy.core.downloader.handlers] ERROR: Loading "400" for scheme "scrapy_random_fake_ua.middleware.RandomUserAgentMiddleware"
Traceback (most recent call last):
  File "/Users/stivending/Public/Local/Douban_crawler/.venv/lib/python3.10/site-packages/scrapy/core/downloader/handlers/__init__.py", line 49, in _load_handler
    dhcls = load_object(path)
  File "/Users/stivending/Public/Local/Douban_crawler/.venv/lib/python3.10/site-packages/scrapy/utils/misc.py", line 53, in load_object
    raise TypeError("Unexpected argument type, expected string "
TypeError: Unexpected argument type, expected string or object, got: <class 'int'>
2023-02-01 17:38:54 [scrapy.middleware] INFO: Enabled downloader middlewares:
['scrapy.downloadermiddlewares.httpauth.HttpAuthMiddleware',
 'scrapy.downloadermiddlewares.downloadtimeout.DownloadTimeoutMiddleware',
 'scrapy.downloadermiddlewares.defaultheaders.DefaultHeadersMiddleware',
 'scrapy.downloadermiddlewares.useragent.UserAgentMiddleware',
 'scrapy.downloadermiddlewares.retry.RetryMiddleware',
 'scrapy.downloadermiddlewares.redirect.MetaRefreshMiddleware',
 'scrapy.downloadermiddlewares.httpcompression.HttpCompressionMiddleware',
 'scrapy.downloadermiddlewares.redirect.RedirectMiddleware',
 'scrapy.downloadermiddlewares.cookies.CookiesMiddleware',
 'scrapy.downloadermiddlewares.httpproxy.HttpProxyMiddleware',
 'scrapy.downloadermiddlewares.stats.DownloaderStats']
2023-02-01 17:38:54 [scrapy.middleware] INFO: Enabled spider middlewares:
['scrapy.spidermiddlewares.httperror.HttpErrorMiddleware',
 'scrapy.spidermiddlewares.offsite.OffsiteMiddleware',
 'scrapy.spidermiddlewares.referer.RefererMiddleware',
 'scrapy.spidermiddlewares.urllength.UrlLengthMiddleware',
 'scrapy.spidermiddlewares.depth.DepthMiddleware']
2023-02-01 17:38:54 [scrapy.middleware] INFO: Enabled item pipelines:
[]
2023-02-01 17:38:54 [scrapy.core.engine] INFO: Spider opened
2023-02-01 17:38:54 [scrapy.extensions.logstats] INFO: Crawled 0 pages (at 0 pages/min), scraped 0 items (at 0 items/min)
2023-02-01 17:38:54 [scrapy.extensions.telnet] INFO: Telnet console listening on 127.0.0.1:6023
2023-02-01 17:38:54 [scrapy-playwright] INFO: Starting download handler
2023-02-01 17:38:54 [scrapy-playwright] INFO: Starting download handler
2023-02-01 17:39:00 [scrapy-playwright] INFO: Launching browser firefox
2023-02-01 17:39:00 [scrapy-playwright] INFO: Browser firefox launched
2023-02-01 17:39:03 [scrapy.spidermiddlewares.httperror] INFO: Ignoring response <403 https://sec.douban.com/b?r=https%3A%2F%2Fsearch.douban.com%2Fmovie%2Fsubject_search%3Fsearch_text%3D%25E9%2586%2589%25E4%25BD%25B3%25E5%25AF%25BC%25E6%25BC%2594>: HTTP status code is not handled or not allowed
2023-02-01 17:39:03 [scrapy.spidermiddlewares.httperror] INFO: Ignoring response <403 https://sec.douban.com/b?r=https%3A%2F%2Fsearch.douban.com%2Fmovie%2Fsubject_search%3Fsearch_text%3D%25E6%2598%259F%25E7%2590%2583%25E5%25A4%25A7%25E6%2588%2598%25E5%2585%25AB%25EF%25BC%259A%25E6%259C%2580%25E5%2590%258E%25E7%259A%2584%25E7%25BB%259D%25E5%259C%25B0%25E6%25AD%25A6%25E5%25A3%25AB>: HTTP status code is not handled or not allowed
2023-02-01 17:39:06 [scrapy.spidermiddlewares.httperror] INFO: Ignoring response <403 https://sec.douban.com/b?r=https%3A%2F%2Fsearch.douban.com%2Fmovie%2Fsubject_search%3Fsearch_text%3D%25E5%258F%25AA%25E6%2583%25B3%25E5%25A5%25BD%25E5%25A5%25BD%25E5%2592%258C%25E4%25BD%25A0%25E5%259C%25A8%25E4%25B8%2580%25E8%25B5%25B7>: HTTP status code is not handled or not allowed
2023-02-01 17:39:12 [scrapy.spidermiddlewares.httperror] INFO: Ignoring response <403 https://sec.douban.com/b?r=https%3A%2F%2Fsearch.douban.com%2Fmovie%2Fsubject_search%3Fsearch_text%3D%25E5%25B0%25BC%25E6%2596%25AF%25C2%25B7%25E7%2596%25AF%25E7%258B%2582%25E7%259A%2584%25E5%25BF%2583>: HTTP status code is not handled or not allowed
2023-02-01 17:39:19 [scrapy.spidermiddlewares.httperror] INFO: Ignoring response <403 https://sec.douban.com/b?r=https%3A%2F%2Fsearch.douban.com%2Fmovie%2Fsubject_search%3Fsearch_text%3D%25E5%25A4%25A9%25E7%25B1%2581%25E6%25A2%25A6%25E6%2583%25B3>: HTTP status code is not handled or not allowed
